<?xml version='1.0' encoding='UTF-8'?>
<hotspot_log version='160 1' process='4741' time_ms='1604658234177'>
<vm_version>
<name>
OpenJDK 64-Bit Server VM
</name>
<release>
11.0.2+9
</release>
<info>
OpenJDK 64-Bit Server VM (11.0.2+9) for bsd-amd64 JRE (11.0.2+9), built on Jan 18 2019 08:16:22 by &quot;mach5one&quot; with gcc 4.2.1 Compatible Apple LLVM 9.1.0 (clang-902.0.39.2)
</info>
</vm_version>
<vm_arguments>
<args>
-XX:+UnlockDiagnosticVMOptions -XX:+LogVMOutput -XX:LogFile=/Users/minhnguyen/Desktop/git/learn_java/jvm.log -javaagent:/Applications/IntelliJ IDEA.app/Contents/lib/idea_rt.jar=52796:/Applications/IntelliJ IDEA.app/Contents/bin -Dfile.encoding=UTF-8 </args>
<command>
core_java.dummy.Deadlock
</command>
<launcher>
SUN_STANDARD
</launcher>
<properties>
java.vm.specification.name=Java Virtual Machine Specification
java.vm.version=11.0.2+9
java.vm.name=OpenJDK 64-Bit Server VM
jdk.debug=release
sun.boot.library.path=/Library/Java/JavaVirtualMachines/openjdk-11.0.2.jdk/Contents/Home/lib
java.library.path=/Users/minhnguyen/Library/Java/Extensions:/Library/Java/Extensions:/Network/Library/Java/Extensions:/System/Library/Java/Extensions:/usr/lib/java:.
java.home=/Library/Java/JavaVirtualMachines/openjdk-11.0.2.jdk/Contents/Home
java.class.path=/Users/minhnguyen/Desktop/git/learn_java/out/production/learn_java:/Users/minhnguyen/.m2/repository/org/jetbrains/annotations/17.0.0/annotations-17.0.0.jar
jdk.boot.class.path.append=
java.vm.info=mixed mode, aot, sharing
java.vm.specification.vendor=Oracle Corporation
java.vm.specification.version=11
java.vm.vendor=Oracle Corporation
file.encoding=UTF-8
sun.java.command=core_java.dummy.Deadlock
sun.java.launcher=SUN_STANDARD
</properties>
</vm_arguments>
<tty>
<writer thread='10243'/>
<blob name='MethodHandlesAdapterBlob' size='32000'>
<sect index='1' size='32000' free='31616'/>
</blob>
<tty_done stamp='5.957'/>
</tty>
<hotspot_log_done stamp='5.957'/>
</hotspot_log>
